<?xml version="1.0" encoding="UTF-8"?>
<!-- Generated by org.testng.reporters.JUnitReportReporter -->
<testsuite skipped="0" hostname="FILIPOVIC07" name="osnovno.ProveriNaslovTest" tests="2" failures="0" timestamp="2020-10-12T17:59:43 CEST" time="2.782" errors="0">
  <testcase name="NaslovJeOK" time="2.780" classname="osnovno.ProveriNaslovTest"/>
  <system-out/>
  <testcase name="SigurnoJeOK" time="0.002" classname="osnovno.ProveriNaslovTest"/>
  <system-out/>
</testsuite> <!-- osnovno.ProveriNaslovTest -->
