<?xml version="1.0" encoding="UTF-8"?>
<!-- Generated by org.testng.reporters.JUnitReportReporter -->
<testsuite name="osnovno.ProveriNaslovTest" tests="1" time="1.910" ignored="0" failures="0" timestamp="17 Jan 2020 16:15:12 GMT" skipped="0" hostname="FILIPOVIC07" errors="0">
  <testcase name="NaslovJeOK" time="1.910" classname="osnovno.ProveriNaslovTest"/>
</testsuite> <!-- osnovno.ProveriNaslovTest -->
