<?xml version="1.0" encoding="UTF-8"?>
<!-- Generated by org.testng.reporters.JUnitReportReporter -->
<testsuite name="osnovno.ProveriNaslovTest" tests="2" time="1.731" ignored="0" failures="0" timestamp="24 Feb 2020 18:54:05 GMT" skipped="0" hostname="FILIPOVIC07" errors="0">
  <testcase name="NaslovJeOK" time="1.730" classname="osnovno.ProveriNaslovTest"/>
  <testcase name="SigurnoJeOK" time="0.001" classname="osnovno.ProveriNaslovTest"/>
</testsuite> <!-- osnovno.ProveriNaslovTest -->
