<?xml version="1.0" encoding="UTF-8"?>
<!-- Generated by org.testng.reporters.JUnitReportReporter -->
<testsuite name="osnovno.ProveriNaslovTest" tests="2" time="2.906" ignored="0" failures="0" timestamp="10 Mar 2020 16:37:31 GMT" skipped="0" hostname="FILIPOVIC07" errors="0">
  <testcase name="NaslovJeOK" time="2.906" classname="osnovno.ProveriNaslovTest"/>
  <testcase name="SigurnoJeOK" time="0.000" classname="osnovno.ProveriNaslovTest"/>
</testsuite> <!-- osnovno.ProveriNaslovTest -->
